
SQL*Loader: Release 19.0.0.0.0 - Production on Sun Jun 14 14:41:38 2020
Version 19.3.0.0.0

Copyright (c) 1982, 2019, Oracle and/or its affiliates.  All rights reserved.

Control File:   sqlldr.ctl
Character Set UTF8 specified for all input.

Data File:      data.csv
  Bad File:     sqlldr.bad
  Discard File:  none specified
 
 (Allow all discards)

Number to load: ALL
Number to skip: 1
Errors allowed: 50
Continuation:    none specified
Path used:      Direct

Table TRANSACTIONS, loaded from every logical record.
Insert option in effect for this table: TRUNCATE

   Column Name                  Position   Len  Term Encl Datatype
------------------------------ ---------- ----- ---- ---- ---------------------
INVOICE_NO                          FIRST     *   ,  O(") CHARACTER            
STOCK_CODE                           NEXT     *   ,  O(") CHARACTER            
DESCRIPTION                          NEXT     *   ,  O(") CHARACTER            
QUANTITY                             NEXT     *   ,  O(") CHARACTER            
INVOICE_DATE                         NEXT     *   ,  O(") CHARACTER            
UNIT_PRICE                           NEXT     *   ,  O(") CHARACTER            
CUSTOMER_ID                          NEXT     *   ,  O(") CHARACTER            
COUNTRY                              NEXT     *   ,  O(") CHARACTER            

Record 541910: Rejected - Error on table TRANSACTIONS, column INVOICE_NO.
Column not found before end of logical record (use TRAILING NULLCOLS)

Table TRANSACTIONS:
  541909 Rows successfully loaded.
  1 Row not loaded due to data errors.
  0 Rows not loaded because all WHEN clauses were failed.
  0 Rows not loaded because all fields were null.

Bind array size not used in direct path.
Column array  rows :    5000
Stream buffer bytes:  256000
Read   buffer bytes: 1048576

Total logical records skipped:          1
Total logical records read:        541910
Total logical records rejected:         1
Total logical records discarded:        0
Total stream buffers loaded by SQL*Loader main thread:      126
Total stream buffers loaded by SQL*Loader load thread:       88

Run began on Sun Jun 14 14:41:38 2020
Run ended on Sun Jun 14 14:41:42 2020

Elapsed time was:     00:00:04.25
CPU time was:         00:00:00.63
