
SQL*Loader: Release 19.0.0.0.0 - Production on Mon Aug 31 12:50:27 2020
Version 19.3.0.0.0

Copyright (c) 1982, 2019, Oracle and/or its affiliates.  All rights reserved.

Control File:   sqlldr.ctl
Character Set UTF8 specified for all input.

Data File:      /graphs/online_retail/data.csv
  Bad File:     sqlldr.bad
  Discard File:  none specified
 
 (Allow all discards)

Number to load: ALL
Number to skip: 1
Errors allowed: 50
Continuation:    none specified
Path used:      Direct

Table TRANSACTIONS, loaded from every logical record.
Insert option in effect for this table: TRUNCATE

   Column Name                  Position   Len  Term Encl Datatype
------------------------------ ---------- ----- ---- ---- ---------------------
INVOICE_NO                          FIRST     *   ,  O(") CHARACTER            
STOCK_CODE                           NEXT     *   ,  O(") CHARACTER            
DESCRIPTION                          NEXT     *   ,  O(") CHARACTER            
QUANTITY                             NEXT     *   ,  O(") CHARACTER            
INVOICE_DATE                         NEXT     *   ,  O(") CHARACTER            
UNIT_PRICE                           NEXT     *   ,  O(") CHARACTER            
CUSTOMER_ID                          NEXT     *   ,  O(") CHARACTER            
COUNTRY                              NEXT     *   ,  O(") CHARACTER            


Table TRANSACTIONS:
  541909 Rows successfully loaded.
  0 Rows not loaded due to data errors.
  0 Rows not loaded because all WHEN clauses were failed.
  0 Rows not loaded because all fields were null.

Bind array size not used in direct path.
Column array  rows :    5000
Stream buffer bytes:  256000
Read   buffer bytes: 1048576

Total logical records skipped:          1
Total logical records read:        541909
Total logical records rejected:         0
Total logical records discarded:        0
Total stream buffers loaded by SQL*Loader main thread:      127
Total stream buffers loaded by SQL*Loader load thread:       88

Run began on Mon Aug 31 12:50:27 2020
Run ended on Mon Aug 31 12:50:32 2020

Elapsed time was:     00:00:05.09
CPU time was:         00:00:01.62
